2025-12-29 12:07:15 | Method: GET | URI: /api/gallery | Original: /Little_Learning/little-learning1/php-backend/api/api/gallery
2025-12-29 12:07:15 | Method: GET | URI: /api/gallery | Original: /Little_Learning/little-learning1/php-backend/api/api/gallery
2025-12-29 12:07:19 | Method: POST | URI: /admin/login | Original: /Little_Learning/little-learning1/php-backend/api/admin/login
2025-12-29 12:07:19 | Method: GET | URI: /api/gallery | Original: /Little_Learning/little-learning1/php-backend/api/api/gallery
2025-12-29 12:07:19 | Method: GET | URI: /api/gallery | Original: /Little_Learning/little-learning1/php-backend/api/api/gallery
2025-12-29 12:07:19 | Method: GET | URI: /storage/app/public/gallery/1766469138_694a2e120e4b0.png | Original: /Little_Learning/little-learning1/php-backend/api/Little_Learning/little-learning1/php-backend/storage/app/public/gallery/1766469138_694a2e120e4b0.png
2025-12-29 12:07:19 | Method: GET | URI: /storage/app/public/gallery/1766469209_694a2e597f3d6.png | Original: /Little_Learning/little-learning1/php-backend/api/Little_Learning/little-learning1/php-backend/storage/app/public/gallery/1766469209_694a2e597f3d6.png
2025-12-29 12:07:19 | Method: GET | URI: /storage/app/public/gallery/1766469399_694a2f1742e41.jpeg | Original: /Little_Learning/little-learning1/php-backend/api/Little_Learning/little-learning1/php-backend/storage/app/public/gallery/1766469399_694a2f1742e41.jpeg
2025-12-29 12:07:19 | Method: GET | URI: /storage/app/public/gallery/1766469289_694a2ea979db7.png | Original: /Little_Learning/little-learning1/php-backend/api/Little_Learning/little-learning1/php-backend/storage/app/public/gallery/1766469289_694a2ea979db7.png
2025-12-29 12:07:19 | Method: GET | URI: /storage/app/public/gallery/1766469353_694a2ee91c273.jpeg | Original: /Little_Learning/little-learning1/php-backend/api/Little_Learning/little-learning1/php-backend/storage/app/public/gallery/1766469353_694a2ee91c273.jpeg
2025-12-29 12:07:19 | Method: GET | URI: /storage/app/public/gallery/1766469019_694a2d9bbdcc7.png | Original: /Little_Learning/little-learning1/php-backend/api/Little_Learning/little-learning1/php-backend/storage/app/public/gallery/1766469019_694a2d9bbdcc7.png
2025-12-29 12:07:19 | Method: GET | URI: /storage/app/public/gallery/1766468979_694a2d7316d5e.png | Original: /Little_Learning/little-learning1/php-backend/api/Little_Learning/little-learning1/php-backend/storage/app/public/gallery/1766468979_694a2d7316d5e.png
2025-12-29 12:07:19 | Method: GET | URI: /storage/app/public/gallery/1766468925_694a2d3d6fe2f.png | Original: /Little_Learning/little-learning1/php-backend/api/Little_Learning/little-learning1/php-backend/storage/app/public/gallery/1766468925_694a2d3d6fe2f.png
2025-12-29 12:07:19 | Method: GET | URI: /storage/app/public/gallery/1766469103_694a2def4e3a0.png | Original: /Little_Learning/little-learning1/php-backend/api/Little_Learning/little-learning1/php-backend/storage/app/public/gallery/1766469103_694a2def4e3a0.png
2025-12-29 12:07:19 | Method: GET | URI: /storage/app/public/gallery/1766468882_694a2d12c8aca.png | Original: /Little_Learning/little-learning1/php-backend/api/Little_Learning/little-learning1/php-backend/storage/app/public/gallery/1766468882_694a2d12c8aca.png
2025-12-29 12:07:19 | Method: GET | URI: /storage/app/public/gallery/1766468818_694a2cd2ad790.png | Original: /Little_Learning/little-learning1/php-backend/api/Little_Learning/little-learning1/php-backend/storage/app/public/gallery/1766468818_694a2cd2ad790.png
2025-12-29 12:07:25 | Method: GET | URI: /gallery | Original: /Little_Learning/little-learning1/php-backend/api/gallery
2025-12-29 12:07:25 | Method: GET | URI: /gallery | Original: /Little_Learning/little-learning1/php-backend/api/gallery
2025-12-29 12:07:30 | Method: GET | URI: /gallery | Original: /Little_Learning/little-learning1/php-backend/api/gallery
2025-12-29 12:07:30 | Method: GET | URI: /gallery | Original: /Little_Learning/little-learning1/php-backend/api/gallery
2025-12-29 12:08:22 | Method: GET | URI: /gallery | Original: /Little_Learning/little-learning1/php-backend/api/gallery
2025-12-29 12:08:22 | Method: GET | URI: /gallery | Original: /Little_Learning/little-learning1/php-backend/api/gallery
2025-12-29 12:08:29 | Method: GET | URI: /gallery | Original: /Little_Learning/little-learning1/php-backend/api/gallery
2025-12-29 12:08:29 | Method: GET | URI: /gallery | Original: /Little_Learning/little-learning1/php-backend/api/gallery
2025-12-29 12:08:43 | Method: POST | URI: /admin/login | Original: /Little_Learning/little-learning1/php-backend/api/admin/login
2025-12-29 12:08:44 | Method: GET | URI: /api/gallery | Original: /Little_Learning/little-learning1/php-backend/api/api/gallery
2025-12-29 12:08:44 | Method: GET | URI: /api/gallery | Original: /Little_Learning/little-learning1/php-backend/api/api/gallery
2025-12-29 12:08:44 | Method: GET | URI: /storage/app/public/gallery/1766469399_694a2f1742e41.jpeg | Original: /Little_Learning/little-learning1/php-backend/api/Little_Learning/little-learning1/php-backend/storage/app/public/gallery/1766469399_694a2f1742e41.jpeg
2025-12-29 12:08:44 | Method: GET | URI: /storage/app/public/gallery/1766469209_694a2e597f3d6.png | Original: /Little_Learning/little-learning1/php-backend/api/Little_Learning/little-learning1/php-backend/storage/app/public/gallery/1766469209_694a2e597f3d6.png
2025-12-29 12:08:44 | Method: GET | URI: /storage/app/public/gallery/1766469103_694a2def4e3a0.png | Original: /Little_Learning/little-learning1/php-backend/api/Little_Learning/little-learning1/php-backend/storage/app/public/gallery/1766469103_694a2def4e3a0.png
2025-12-29 12:08:44 | Method: GET | URI: /storage/app/public/gallery/1766469353_694a2ee91c273.jpeg | Original: /Little_Learning/little-learning1/php-backend/api/Little_Learning/little-learning1/php-backend/storage/app/public/gallery/1766469353_694a2ee91c273.jpeg
2025-12-29 12:08:44 | Method: GET | URI: /storage/app/public/gallery/1766469138_694a2e120e4b0.png | Original: /Little_Learning/little-learning1/php-backend/api/Little_Learning/little-learning1/php-backend/storage/app/public/gallery/1766469138_694a2e120e4b0.png
2025-12-29 12:08:44 | Method: GET | URI: /storage/app/public/gallery/1766469289_694a2ea979db7.png | Original: /Little_Learning/little-learning1/php-backend/api/Little_Learning/little-learning1/php-backend/storage/app/public/gallery/1766469289_694a2ea979db7.png
2025-12-29 12:08:44 | Method: GET | URI: /storage/app/public/gallery/1766468979_694a2d7316d5e.png | Original: /Little_Learning/little-learning1/php-backend/api/Little_Learning/little-learning1/php-backend/storage/app/public/gallery/1766468979_694a2d7316d5e.png
2025-12-29 12:08:44 | Method: GET | URI: /storage/app/public/gallery/1766469019_694a2d9bbdcc7.png | Original: /Little_Learning/little-learning1/php-backend/api/Little_Learning/little-learning1/php-backend/storage/app/public/gallery/1766469019_694a2d9bbdcc7.png
2025-12-29 12:08:44 | Method: GET | URI: /storage/app/public/gallery/1766468818_694a2cd2ad790.png | Original: /Little_Learning/little-learning1/php-backend/api/Little_Learning/little-learning1/php-backend/storage/app/public/gallery/1766468818_694a2cd2ad790.png
2025-12-29 12:08:44 | Method: GET | URI: /storage/app/public/gallery/1766468882_694a2d12c8aca.png | Original: /Little_Learning/little-learning1/php-backend/api/Little_Learning/little-learning1/php-backend/storage/app/public/gallery/1766468882_694a2d12c8aca.png
2025-12-29 12:09:20 | Method: POST | URI: /admin/login | Original: /Little_Learning/little-learning1/php-backend/api/admin/login
2025-12-29 12:09:20 | Method: GET | URI: /api/gallery | Original: /Little_Learning/little-learning1/php-backend/api/api/gallery
2025-12-29 12:09:20 | Method: GET | URI: /api/gallery | Original: /Little_Learning/little-learning1/php-backend/api/api/gallery
2025-12-29 12:09:20 | Method: GET | URI: /storage/app/public/gallery/1766469289_694a2ea979db7.png | Original: /Little_Learning/little-learning1/php-backend/api/Little_Learning/little-learning1/php-backend/storage/app/public/gallery/1766469289_694a2ea979db7.png
2025-12-29 12:09:20 | Method: GET | URI: /storage/app/public/gallery/1766469209_694a2e597f3d6.png | Original: /Little_Learning/little-learning1/php-backend/api/Little_Learning/little-learning1/php-backend/storage/app/public/gallery/1766469209_694a2e597f3d6.png
2025-12-29 12:09:20 | Method: GET | URI: /storage/app/public/gallery/1766469103_694a2def4e3a0.png | Original: /Little_Learning/little-learning1/php-backend/api/Little_Learning/little-learning1/php-backend/storage/app/public/gallery/1766469103_694a2def4e3a0.png
2025-12-29 12:09:20 | Method: GET | URI: /storage/app/public/gallery/1766469353_694a2ee91c273.jpeg | Original: /Little_Learning/little-learning1/php-backend/api/Little_Learning/little-learning1/php-backend/storage/app/public/gallery/1766469353_694a2ee91c273.jpeg
2025-12-29 12:09:20 | Method: GET | URI: /storage/app/public/gallery/1766469399_694a2f1742e41.jpeg | Original: /Little_Learning/little-learning1/php-backend/api/Little_Learning/little-learning1/php-backend/storage/app/public/gallery/1766469399_694a2f1742e41.jpeg
2025-12-29 12:09:20 | Method: GET | URI: /storage/app/public/gallery/1766469138_694a2e120e4b0.png | Original: /Little_Learning/little-learning1/php-backend/api/Little_Learning/little-learning1/php-backend/storage/app/public/gallery/1766469138_694a2e120e4b0.png
2025-12-29 12:09:20 | Method: GET | URI: /storage/app/public/gallery/1766469019_694a2d9bbdcc7.png | Original: /Little_Learning/little-learning1/php-backend/api/Little_Learning/little-learning1/php-backend/storage/app/public/gallery/1766469019_694a2d9bbdcc7.png
2025-12-29 12:09:20 | Method: GET | URI: /storage/app/public/gallery/1766468979_694a2d7316d5e.png | Original: /Little_Learning/little-learning1/php-backend/api/Little_Learning/little-learning1/php-backend/storage/app/public/gallery/1766468979_694a2d7316d5e.png
2025-12-29 12:09:20 | Method: GET | URI: /storage/app/public/gallery/1766468925_694a2d3d6fe2f.png | Original: /Little_Learning/little-learning1/php-backend/api/Little_Learning/little-learning1/php-backend/storage/app/public/gallery/1766468925_694a2d3d6fe2f.png
2025-12-29 12:09:20 | Method: GET | URI: /storage/app/public/gallery/1766468882_694a2d12c8aca.png | Original: /Little_Learning/little-learning1/php-backend/api/Little_Learning/little-learning1/php-backend/storage/app/public/gallery/1766468882_694a2d12c8aca.png
2025-12-29 12:09:20 | Method: GET | URI: /storage/app/public/gallery/1766468818_694a2cd2ad790.png | Original: /Little_Learning/little-learning1/php-backend/api/Little_Learning/little-learning1/php-backend/storage/app/public/gallery/1766468818_694a2cd2ad790.png
2025-12-29 12:12:00 | Method: GET | URI: /gallery | Original: /Little_Learning/little-learning1/php-backend/api/gallery
2025-12-29 12:12:45 | Method: GET | URI: /gallery | Original: /Little_Learning/little-learning1/php-backend/api/gallery
2025-12-29 12:13:24 | Method: GET | URI: /gallery | Original: /Little_Learning/little-learning1/php-backend/api/gallery
2025-12-29 12:13:24 | Method: GET | URI: /gallery | Original: /Little_Learning/little-learning1/php-backend/api/gallery
2025-12-29 12:13:27 | Method: GET | URI: /gallery | Original: /Little_Learning/little-learning1/php-backend/api/gallery
2025-12-29 12:13:27 | Method: GET | URI: /gallery | Original: /Little_Learning/little-learning1/php-backend/api/gallery
2025-12-29 12:13:32 | Method: GET | URI: /gallery | Original: /Little_Learning/little-learning1/php-backend/api/gallery
2025-12-29 12:13:32 | Method: GET | URI: /gallery | Original: /Little_Learning/little-learning1/php-backend/api/gallery
2025-12-29 12:14:45 | Method: GET | URI: /gallery | Original: /Little_Learning/little-learning1/php-backend/api/gallery
2025-12-29 12:14:45 | Method: GET | URI: /gallery | Original: /Little_Learning/little-learning1/php-backend/api/gallery
2025-12-29 12:14:59 | Method: GET | URI: /gallery | Original: /Little_Learning/little-learning1/php-backend/api/gallery
2025-12-29 12:14:59 | Method: GET | URI: /gallery | Original: /Little_Learning/little-learning1/php-backend/api/gallery
2025-12-29 12:15:13 | Method: GET | URI: /gallery | Original: /Little_Learning/little-learning1/php-backend/api/gallery
2025-12-29 12:15:13 | Method: GET | URI: /gallery | Original: /Little_Learning/little-learning1/php-backend/api/gallery
2025-12-29 12:15:20 | Method: GET | URI: /gallery | Original: /Little_Learning/little-learning1/php-backend/api/gallery
2025-12-29 12:15:20 | Method: GET | URI: /gallery | Original: /Little_Learning/little-learning1/php-backend/api/gallery
2025-12-29 12:15:24 | Method: GET | URI: /gallery | Original: /Little_Learning/little-learning1/php-backend/api/gallery
2025-12-29 12:15:24 | Method: GET | URI: /gallery | Original: /Little_Learning/little-learning1/php-backend/api/gallery
2025-12-29 12:15:35 | Method: GET | URI: /gallery | Original: /Little_Learning/little-learning1/php-backend/api/gallery
2025-12-29 12:15:35 | Method: GET | URI: /gallery | Original: /Little_Learning/little-learning1/php-backend/api/gallery
2025-12-29 12:15:37 | Method: GET | URI: /gallery | Original: /Little_Learning/little-learning1/php-backend/api/gallery
2025-12-29 12:15:37 | Method: GET | URI: /gallery | Original: /Little_Learning/little-learning1/php-backend/api/gallery
